<?xml version="1.0" encoding="UTF-8"?>
<testng-results ignored="0" total="2" passed="1" failed="1" skipped="0">
  <reporter-output>
  </reporter-output>
  <suite started-at="2024-08-28T18:42:10 MST" name="Default suite" finished-at="2024-08-28T18:42:16 MST" duration-ms="6130">
    <groups>
    </groups>
    <test started-at="2024-08-28T18:42:10 MST" name="Default test" finished-at="2024-08-28T18:42:16 MST" duration-ms="6130">
      <class name="qa.testcases.LandingPageTest">
        <test-method is-config="true" signature="setup()[pri:0, instance:qa.testcases.LandingPageTest@76a4ebf2]" started-at="2024-08-28T18:42:10 MST" name="setup" finished-at="2024-08-28T18:42:12 MST" duration-ms="2218" status="PASS">
          <reporter-output>
          </reporter-output>
        </test-method> <!-- setup -->
        <test-method signature="LoginTextVaidation()[pri:1, instance:qa.testcases.LandingPageTest@76a4ebf2]" started-at="2024-08-28T18:42:12 MST" name="LoginTextVaidation" finished-at="2024-08-28T18:42:13 MST" duration-ms="102" status="FAIL">
          <exception class="java.lang.AssertionError">
            <message>
              <![CDATA[expected [Log In] but found [Log in]]]>
            </message>
            <full-stacktrace>
              <![CDATA[java.lang.AssertionError: expected [Log In] but found [Log in]
at org.testng.Assert.fail(Assert.java:111)
at org.testng.Assert.failNotEquals(Assert.java:1578)
at org.testng.Assert.assertEqualsImpl(Assert.java:150)
at org.testng.Assert.assertEquals(Assert.java:132)
at org.testng.Assert.assertEquals(Assert.java:656)
at org.testng.Assert.assertEquals(Assert.java:666)
at qa.testcases.LandingPageTest.LoginTextVaidation(LandingPageTest.java:42)
at java.base/jdk.internal.reflect.DirectMethodHandleAccessor.invoke(DirectMethodHandleAccessor.java:104)
at java.base/java.lang.reflect.Method.invoke(Method.java:578)
at org.testng.internal.invokers.MethodInvocationHelper.invokeMethod(MethodInvocationHelper.java:141)
at org.testng.internal.invokers.TestInvoker.invokeMethod(TestInvoker.java:686)
at org.testng.internal.invokers.TestInvoker.invokeTestMethod(TestInvoker.java:230)
at org.testng.internal.invokers.MethodRunner.runInSequence(MethodRunner.java:63)
at org.testng.internal.invokers.TestInvoker$MethodInvocationAgent.invoke(TestInvoker.java:992)
at org.testng.internal.invokers.TestInvoker.invokeTestMethods(TestInvoker.java:203)
at org.testng.internal.invokers.TestMethodWorker.invokeTestMethods(TestMethodWorker.java:154)
at org.testng.internal.invokers.TestMethodWorker.run(TestMethodWorker.java:134)
at java.base/java.util.ArrayList.forEach(ArrayList.java:1511)
at org.testng.TestRunner.privateRun(TestRunner.java:739)
at org.testng.TestRunner.run(TestRunner.java:614)
at org.testng.SuiteRunner.runTest(SuiteRunner.java:421)
at org.testng.SuiteRunner.runSequentially(SuiteRunner.java:413)
at org.testng.SuiteRunner.privateRun(SuiteRunner.java:373)
at org.testng.SuiteRunner.run(SuiteRunner.java:312)
at org.testng.SuiteRunnerWorker.runSuite(SuiteRunnerWorker.java:52)
at org.testng.SuiteRunnerWorker.run(SuiteRunnerWorker.java:95)
at org.testng.TestNG.runSuitesSequentially(TestNG.java:1274)
at org.testng.TestNG.runSuitesLocally(TestNG.java:1208)
at org.testng.TestNG.runSuites(TestNG.java:1112)
at org.testng.TestNG.run(TestNG.java:1079)
at org.testng.remote.AbstractRemoteTestNG.run(AbstractRemoteTestNG.java:115)
at org.testng.remote.RemoteTestNG.initAndRun(RemoteTestNG.java:293)
at org.testng.remote.RemoteTestNG.main(RemoteTestNG.java:91)
]]>
            </full-stacktrace>
          </exception> <!-- java.lang.AssertionError -->
          <reporter-output>
          </reporter-output>
        </test-method> <!-- LoginTextVaidation -->
        <test-method is-config="true" signature="tearDown()[pri:0, instance:qa.testcases.LandingPageTest@76a4ebf2]" started-at="2024-08-28T18:42:13 MST" name="tearDown" finished-at="2024-08-28T18:42:13 MST" duration-ms="227" status="PASS">
          <reporter-output>
          </reporter-output>
        </test-method> <!-- tearDown -->
        <test-method is-config="true" signature="setup()[pri:0, instance:qa.testcases.LandingPageTest@76a4ebf2]" started-at="2024-08-28T18:42:13 MST" name="setup" finished-at="2024-08-28T18:42:15 MST" duration-ms="2031" status="PASS">
          <reporter-output>
          </reporter-output>
        </test-method> <!-- setup -->
        <test-method signature="landingPageLoginTest()[pri:2, instance:qa.testcases.LandingPageTest@76a4ebf2]" started-at="2024-08-28T18:42:15 MST" name="landingPageLoginTest" finished-at="2024-08-28T18:42:16 MST" duration-ms="1112" status="PASS">
          <reporter-output>
          </reporter-output>
        </test-method> <!-- landingPageLoginTest -->
        <test-method is-config="true" signature="tearDown()[pri:0, instance:qa.testcases.LandingPageTest@76a4ebf2]" started-at="2024-08-28T18:42:16 MST" name="tearDown" finished-at="2024-08-28T18:42:16 MST" duration-ms="385" status="PASS">
          <reporter-output>
          </reporter-output>
        </test-method> <!-- tearDown -->
      </class> <!-- qa.testcases.LandingPageTest -->
    </test> <!-- Default test -->
  </suite> <!-- Default suite -->
</testng-results>
